# JRE version: Java(TM) SE Runtime Environment (17.0.5+9) (build 17.0.5+9-LTS-191)
# Java VM: Java HotSpot(TM) 64-Bit Server VM (17.0.5+9-LTS-191, mixed mode, emulated-client, sharing, tiered, compressed oops, compressed class ptrs, g1 gc, windows-amd64)
GC Precious Log:
 CPUs: 8 total, 8 available
 Memory: 7105M
 Large Page Support: Disabled
 NUMA Support: Disabled
 Compressed Oops: Enabled (32-bit)
 Heap Region Size: 1M
 Heap Min Capacity: 8M
 Heap Initial Capacity: 112M
 Heap Max Capacity: 1778M
 Pre-touch: Disabled
 Parallel Workers: 8
 Concurrent Workers: 2
 Concurrent Refinement Workers: 8
 Periodic GC: Disabled
Heap:
 garbage-first heap   total 114688K, used 36779K [0x0000000090e00000, 0x0000000100000000)
  region size 1024K, 4 young (4096K), 4 survivors (4096K)
 Metaspace       used 59690K, committed 60224K, reserved 1105920K
  class space    used 8695K, committed 8960K, reserved 1048576K
GC Heap History (20 events):
Event: 3.752 GC heap after
{Heap after GC invocations=7 (full 0):
 garbage-first heap   total 61440K, used 18066K [0x0000000090e00000, 0x0000000100000000)
  region size 1024K, 3 young (3072K), 3 survivors (3072K)
 Metaspace       used 27417K, committed 27840K, reserved 1081344K
  class space    used 3880K, committed 4032K, reserved 1048576K
}
Event: 4.307 GC heap before
{Heap before GC invocations=7 (full 0):
 garbage-first heap   total 61440K, used 43666K [0x0000000090e00000, 0x0000000100000000)
  region size 1024K, 28 young (28672K), 3 survivors (3072K)
 Metaspace       used 31446K, committed 31872K, reserved 1081344K
  class space    used 4419K, committed 4608K, reserved 1048576K
}
Event: 4.314 GC heap after
{Heap after GC invocations=8 (full 0):
 garbage-first heap   total 61440K, used 20083K [0x0000000090e00000, 0x0000000100000000)
  region size 1024K, 3 young (3072K), 3 survivors (3072K)
 Metaspace       used 31446K, committed 31872K, reserved 1081344K
  class space    used 4419K, committed 4608K, reserved 1048576K
}
Event: 4.670 GC heap before
{Heap before GC invocations=8 (full 0):
 garbage-first heap   total 61440K, used 34419K [0x0000000090e00000, 0x0000000100000000)
  region size 1024K, 18 young (18432K), 3 survivors (3072K)
 Metaspace       used 35534K, committed 35968K, reserved 1081344K
  class space    used 5073K, committed 5312K, reserved 1048576K
}
Event: 4.674 GC heap after
{Heap after GC invocations=9 (full 0):
 garbage-first heap   total 61440K, used 21060K [0x0000000090e00000, 0x0000000100000000)
  region size 1024K, 1 young (1024K), 1 survivors (1024K)
 Metaspace       used 35534K, committed 35968K, reserved 1081344K
  class space    used 5073K, committed 5312K, reserved 1048576K
}
Event: 5.433 GC heap before
{Heap before GC invocations=10 (full 0):
 garbage-first heap   total 61440K, used 45636K [0x0000000090e00000, 0x0000000100000000)
  region size 1024K, 26 young (26624K), 1 survivors (1024K)
 Metaspace       used 42472K, committed 43008K, reserved 1089536K
  class space    used 6010K, committed 6272K, reserved 1048576K
}
Event: 5.437 GC heap after
{Heap after GC invocations=11 (full 0):
 garbage-first heap   total 61440K, used 22730K [0x0000000090e00000, 0x0000000100000000)
  region size 1024K, 3 young (3072K), 3 survivors (3072K)
 Metaspace       used 42472K, committed 43008K, reserved 1089536K
  class space    used 6010K, committed 6272K, reserved 1048576K
}
Event: 6.046 GC heap before
{Heap before GC invocations=11 (full 0):
 garbage-first heap   total 61440K, used 46282K [0x0000000090e00000, 0x0000000100000000)
  region size 1024K, 27 young (27648K), 3 survivors (3072K)
 Metaspace       used 48601K, committed 49088K, reserved 1097728K
  class space    used 7058K, committed 7296K, reserved 1048576K
}
Event: 6.050 GC heap after
{Heap after GC invocations=12 (full 0):
 garbage-first heap   total 61440K, used 24157K [0x0000000090e00000, 0x0000000100000000)
  region size 1024K, 4 young (4096K), 4 survivors (4096K)
 Metaspace       used 48601K, committed 49088K, reserved 1097728K
  class space    used 7058K, committed 7296K, reserved 1048576K
}
Event: 6.667 GC heap before
{Heap before GC invocations=12 (full 0):
 garbage-first heap   total 61440K, used 46685K [0x0000000090e00000, 0x0000000100000000)
  region size 1024K, 27 young (27648K), 4 survivors (4096K)
 Metaspace       used 53322K, committed 53824K, reserved 1097728K
  class space    used 7725K, committed 8000K, reserved 1048576K
}
Event: 6.672 GC heap after
{Heap after GC invocations=13 (full 0):
 garbage-first heap   total 61440K, used 25973K [0x0000000090e00000, 0x0000000100000000)
  region size 1024K, 4 young (4096K), 4 survivors (4096K)
 Metaspace       used 53322K, committed 53824K, reserved 1097728K
  class space    used 7725K, committed 8000K, reserved 1048576K
}
Event: 7.067 GC heap before
{Heap before GC invocations=13 (full 0):
 garbage-first heap   total 61440K, used 47477K [0x0000000090e00000, 0x0000000100000000)
  region size 1024K, 25 young (25600K), 4 survivors (4096K)
 Metaspace       used 56132K, committed 56640K, reserved 1097728K
  class space    used 8156K, committed 8384K, reserved 1048576K
}
Event: 7.071 GC heap after
{Heap after GC invocations=14 (full 0):
 garbage-first heap   total 61440K, used 27983K [0x0000000090e00000, 0x0000000100000000)
  region size 1024K, 4 young (4096K), 4 survivors (4096K)
 Metaspace       used 56132K, committed 56640K, reserved 1097728K
  class space    used 8156K, committed 8384K, reserved 1048576K
}
Event: 7.688 GC heap before
{Heap before GC invocations=14 (full 0):
 garbage-first heap   total 61440K, used 48463K [0x0000000090e00000, 0x0000000100000000)
  region size 1024K, 24 young (24576K), 4 survivors (4096K)
 Metaspace       used 58669K, committed 59200K, reserved 1105920K
  class space    used 8566K, committed 8832K, reserved 1048576K
}
Event: 7.694 GC heap after
{Heap after GC invocations=15 (full 0):
 garbage-first heap   total 61440K, used 30031K [0x0000000090e00000, 0x0000000100000000)
  region size 1024K, 3 young (3072K), 3 survivors (3072K)
 Metaspace       used 58669K, committed 59200K, reserved 1105920K
  class space    used 8566K, committed 8832K, reserved 1048576K
}
Event: 7.831 GC heap before
{Heap before GC invocations=15 (full 0):
 garbage-first heap   total 61440K, used 36175K [0x0000000090e00000, 0x0000000100000000)
  region size 1024K, 10 young (10240K), 3 survivors (3072K)
 Metaspace       used 59645K, committed 60160K, reserved 1105920K
  class space    used 8677K, committed 8896K, reserved 1048576K
}
Event: 7.835 GC heap after
{Heap after GC invocations=16 (full 0):
 garbage-first heap   total 61440K, used 30962K [0x0000000090e00000, 0x0000000100000000)
  region size 1024K, 2 young (2048K), 2 survivors (2048K)
 Metaspace       used 59645K, committed 60160K, reserved 1105920K
  class space    used 8677K, committed 8896K, reserved 1048576K
}
Event: 7.899 GC heap before
{Heap before GC invocations=17 (full 0):
 garbage-first heap   total 78848K, used 48370K [0x0000000090e00000, 0x0000000100000000)
  region size 1024K, 19 young (19456K), 2 survivors (2048K)
 Metaspace       used 59673K, committed 60160K, reserved 1105920K
  class space    used 8681K, committed 8896K, reserved 1048576K
}
Event: 7.903 GC heap after
{Heap after GC invocations=18 (full 0):
 garbage-first heap   total 78848K, used 34185K [0x0000000090e00000, 0x0000000100000000)
  region size 1024K, 3 young (3072K), 3 survivors (3072K)
 Metaspace       used 59673K, committed 60160K, reserved 1105920K
  class space    used 8681K, committed 8896K, reserved 1048576K
}
Event: 8.020 GC heap before
{Heap before GC invocations=18 (full 0):
 garbage-first heap   total 78848K, used 58761K [0x0000000090e00000, 0x0000000100000000)
  region size 1024K, 28 young (28672K), 3 survivors (3072K)
 Metaspace       used 59690K, committed 60224K, reserved 1105920K
  class space    used 8695K, committed 8960K, reserved 1048576K
}

