# JRE version: Java(TM) SE Runtime Environment (17.0.5+9) (build 17.0.5+9-LTS-191)
# Java VM: Java HotSpot(TM) 64-Bit Server VM (17.0.5+9-LTS-191, mixed mode, emulated-client, sharing, tiered, compressed oops, compressed class ptrs, g1 gc, windows-amd64)
GC Precious Log:
 CPUs: 8 total, 8 available
 Memory: 7105M
 Large Page Support: Disabled
 NUMA Support: Disabled
 Compressed Oops: Enabled (32-bit)
 Heap Region Size: 1M
 Heap Min Capacity: 8M
 Heap Initial Capacity: 112M
 Heap Max Capacity: 1778M
 Pre-touch: Disabled
 Parallel Workers: 8
 Concurrent Workers: 2
 Concurrent Refinement Workers: 8
 Periodic GC: Disabled
Heap:
 garbage-first heap   total 70656K, used 47884K [0x0000000090e00000, 0x0000000100000000)
  region size 1024K, 31 young (31744K), 5 survivors (5120K)
 Metaspace       used 50472K, committed 51008K, reserved 1097728K
  class space    used 7340K, committed 7616K, reserved 1048576K
GC Heap History (18 events):
Event: 1.416 GC heap before
{Heap before GC invocations=0 (full 0):
 garbage-first heap   total 114688K, used 23552K [0x0000000090e00000, 0x0000000100000000)
  region size 1024K, 23 young (23552K), 0 survivors (0K)
 Metaspace       used 7520K, committed 7808K, reserved 1056768K
  class space    used 959K, committed 1088K, reserved 1048576K
}
Event: 1.428 GC heap after
{Heap after GC invocations=1 (full 0):
 garbage-first heap   total 114688K, used 8016K [0x0000000090e00000, 0x0000000100000000)
  region size 1024K, 3 young (3072K), 3 survivors (3072K)
 Metaspace       used 7520K, committed 7808K, reserved 1056768K
  class space    used 959K, committed 1088K, reserved 1048576K
}
Event: 1.995 GC heap before
{Heap before GC invocations=1 (full 0):
 garbage-first heap   total 114688K, used 30544K [0x0000000090e00000, 0x0000000100000000)
  region size 1024K, 26 young (26624K), 3 survivors (3072K)
 Metaspace       used 12785K, committed 12992K, reserved 1064960K
  class space    used 1751K, committed 1856K, reserved 1048576K
}
Event: 2.001 GC heap after
{Heap after GC invocations=2 (full 0):
 garbage-first heap   total 114688K, used 10063K [0x0000000090e00000, 0x0000000100000000)
  region size 1024K, 2 young (2048K), 2 survivors (2048K)
 Metaspace       used 12785K, committed 12992K, reserved 1064960K
  class space    used 1751K, committed 1856K, reserved 1048576K
}
Event: 2.517 GC heap before
{Heap before GC invocations=2 (full 0):
 garbage-first heap   total 114688K, used 55119K [0x0000000090e00000, 0x0000000100000000)
  region size 1024K, 47 young (48128K), 2 survivors (2048K)
 Metaspace       used 21013K, committed 21312K, reserved 1073152K
  class space    used 2877K, committed 3008K, reserved 1048576K
}
Event: 2.524 GC heap after
{Heap after GC invocations=3 (full 0):
 garbage-first heap   total 114688K, used 13425K [0x0000000090e00000, 0x0000000100000000)
  region size 1024K, 6 young (6144K), 6 survivors (6144K)
 Metaspace       used 21013K, committed 21312K, reserved 1073152K
  class space    used 2877K, committed 3008K, reserved 1048576K
}
Event: 2.591 GC heap before
{Heap before GC invocations=3 (full 0):
 garbage-first heap   total 114688K, used 17521K [0x0000000090e00000, 0x0000000100000000)
  region size 1024K, 11 young (11264K), 6 survivors (6144K)
 Metaspace       used 21290K, committed 21504K, reserved 1073152K
  class space    used 2926K, committed 3008K, reserved 1048576K
}
Event: 2.598 GC heap after
{Heap after GC invocations=4 (full 0):
 garbage-first heap   total 114688K, used 14300K [0x0000000090e00000, 0x0000000100000000)
  region size 1024K, 5 young (5120K), 5 survivors (5120K)
 Metaspace       used 21290K, committed 21504K, reserved 1073152K
  class space    used 2926K, committed 3008K, reserved 1048576K
}
Event: 3.169 GC heap before
{Heap before GC invocations=5 (full 0):
 garbage-first heap   total 58368K, used 43996K [0x0000000090e00000, 0x0000000100000000)
  region size 1024K, 34 young (34816K), 5 survivors (5120K)
 Metaspace       used 24758K, committed 25088K, reserved 1073152K
  class space    used 3477K, committed 3648K, reserved 1048576K
}
Event: 3.181 GC heap after
{Heap after GC invocations=6 (full 0):
 garbage-first heap   total 58368K, used 15546K [0x0000000090e00000, 0x0000000100000000)
  region size 1024K, 3 young (3072K), 3 survivors (3072K)
 Metaspace       used 24758K, committed 25088K, reserved 1073152K
  class space    used 3477K, committed 3648K, reserved 1048576K
}
Event: 3.678 GC heap before
{Heap before GC invocations=6 (full 0):
 garbage-first heap   total 58368K, used 40122K [0x0000000090e00000, 0x0000000100000000)
  region size 1024K, 27 young (27648K), 3 survivors (3072K)
 Metaspace       used 28697K, committed 29184K, reserved 1081344K
  class space    used 4051K, committed 4288K, reserved 1048576K
}
Event: 3.688 GC heap after
{Heap after GC invocations=7 (full 0):
 garbage-first heap   total 70656K, used 18048K [0x0000000090e00000, 0x0000000100000000)
  region size 1024K, 3 young (3072K), 3 survivors (3072K)
 Metaspace       used 28697K, committed 29184K, reserved 1081344K
  class space    used 4051K, committed 4288K, reserved 1048576K
}
Event: 4.542 GC heap before
{Heap before GC invocations=7 (full 0):
 garbage-first heap   total 70656K, used 50816K [0x0000000090e00000, 0x0000000100000000)
  region size 1024K, 35 young (35840K), 3 survivors (3072K)
 Metaspace       used 35358K, committed 35776K, reserved 1081344K
  class space    used 5039K, committed 5248K, reserved 1048576K
}
Event: 4.547 GC heap after
{Heap after GC invocations=8 (full 0):
 garbage-first heap   total 70656K, used 20094K [0x0000000090e00000, 0x0000000100000000)
  region size 1024K, 3 young (3072K), 3 survivors (3072K)
 Metaspace       used 35358K, committed 35776K, reserved 1081344K
  class space    used 5039K, committed 5248K, reserved 1048576K
}
Event: 4.563 GC heap before
{Heap before GC invocations=8 (full 0):
 garbage-first heap   total 70656K, used 20094K [0x0000000090e00000, 0x0000000100000000)
  region size 1024K, 4 young (4096K), 3 survivors (3072K)
 Metaspace       used 35558K, committed 35968K, reserved 1081344K
  class space    used 5073K, committed 5248K, reserved 1048576K
}
Event: 4.566 GC heap after
{Heap after GC invocations=9 (full 0):
 garbage-first heap   total 70656K, used 20033K [0x0000000090e00000, 0x0000000100000000)
  region size 1024K, 3 young (3072K), 3 survivors (3072K)
 Metaspace       used 35558K, committed 35968K, reserved 1081344K
  class space    used 5073K, committed 5248K, reserved 1048576K
}
Event: 5.504 GC heap before
{Heap before GC invocations=10 (full 0):
 garbage-first heap   total 70656K, used 52801K [0x0000000090e00000, 0x0000000100000000)
  region size 1024K, 35 young (35840K), 3 survivors (3072K)
 Metaspace       used 44451K, committed 44992K, reserved 1089536K
  class space    used 6387K, committed 6656K, reserved 1048576K
}
Event: 5.507 GC heap after
{Heap after GC invocations=11 (full 0):
 garbage-first heap   total 70656K, used 22284K [0x0000000090e00000, 0x0000000100000000)
  region size 1024K, 5 young (5120K), 5 survivors (5120K)
 Metaspace       used 44451K, committed 44992K, reserved 1089536K
  class space    used 6387K, committed 6656K, reserved 1048576K
}

