# JRE version: Java(TM) SE Runtime Environment (17.0.5+9) (build 17.0.5+9-LTS-191)
# Java VM: Java HotSpot(TM) 64-Bit Server VM (17.0.5+9-LTS-191, mixed mode, sharing, tiered, compressed oops, compressed class ptrs, g1 gc, windows-amd64)
GC Precious Log:
 CPUs: 8 total, 8 available
 Memory: 7105M
 Large Page Support: Disabled
 NUMA Support: Disabled
 Compressed Oops: Enabled (32-bit)
 Heap Region Size: 1M
 Heap Min Capacity: 8M
 Heap Initial Capacity: 112M
 Heap Max Capacity: 1778M
 Pre-touch: Disabled
 Parallel Workers: 8
 Concurrent Workers: 2
 Concurrent Refinement Workers: 8
 Periodic GC: Disabled
Heap:
 garbage-first heap   total 119808K, used 52343K [0x0000000090e00000, 0x0000000100000000)
  region size 1024K, 7 young (7168K), 7 survivors (7168K)
 Metaspace       used 45606K, committed 46080K, reserved 1097728K
  class space    used 5594K, committed 5824K, reserved 1048576K
GC Heap History (20 events):
Event: 4.540 GC heap after
{Heap after GC invocations=6 (full 0):
 garbage-first heap   total 138240K, used 23525K [0x0000000090e00000, 0x0000000100000000)
  region size 1024K, 8 young (8192K), 8 survivors (8192K)
 Metaspace       used 19906K, committed 20096K, reserved 1073152K
  class space    used 2452K, committed 2560K, reserved 1048576K
}
Event: 4.706 GC heap before
{Heap before GC invocations=6 (full 0):
 garbage-first heap   total 138240K, used 49125K [0x0000000090e00000, 0x0000000100000000)
  region size 1024K, 35 young (35840K), 8 survivors (8192K)
 Metaspace       used 21266K, committed 21504K, reserved 1073152K
  class space    used 2580K, committed 2688K, reserved 1048576K
}
Event: 4.715 GC heap after
{Heap after GC invocations=7 (full 0):
 garbage-first heap   total 138240K, used 25706K [0x0000000090e00000, 0x0000000100000000)
  region size 1024K, 6 young (6144K), 6 survivors (6144K)
 Metaspace       used 21266K, committed 21504K, reserved 1073152K
  class space    used 2580K, committed 2688K, reserved 1048576K
}
Event: 5.055 GC heap before
{Heap before GC invocations=8 (full 0):
 garbage-first heap   total 99328K, used 78954K [0x0000000090e00000, 0x0000000100000000)
  region size 1024K, 58 young (59392K), 6 survivors (6144K)
 Metaspace       used 23491K, committed 23744K, reserved 1073152K
  class space    used 2787K, committed 2880K, reserved 1048576K
}
Event: 5.064 GC heap after
{Heap after GC invocations=9 (full 0):
 garbage-first heap   total 99328K, used 29305K [0x0000000090e00000, 0x0000000100000000)
  region size 1024K, 6 young (6144K), 6 survivors (6144K)
 Metaspace       used 23491K, committed 23744K, reserved 1073152K
  class space    used 2787K, committed 2880K, reserved 1048576K
}
Event: 5.376 GC heap before
{Heap before GC invocations=9 (full 0):
 garbage-first heap   total 99328K, used 76409K [0x0000000090e00000, 0x0000000100000000)
  region size 1024K, 52 young (53248K), 6 survivors (6144K)
 Metaspace       used 25757K, committed 26048K, reserved 1073152K
  class space    used 3023K, committed 3136K, reserved 1048576K
}
Event: 5.385 GC heap after
{Heap after GC invocations=10 (full 0):
 garbage-first heap   total 99328K, used 32374K [0x0000000090e00000, 0x0000000100000000)
  region size 1024K, 4 young (4096K), 4 survivors (4096K)
 Metaspace       used 25757K, committed 26048K, reserved 1073152K
  class space    used 3023K, committed 3136K, reserved 1048576K
}
Event: 5.709 GC heap before
{Heap before GC invocations=10 (full 0):
 garbage-first heap   total 99328K, used 77430K [0x0000000090e00000, 0x0000000100000000)
  region size 1024K, 48 young (49152K), 4 survivors (4096K)
 Metaspace       used 27890K, committed 28160K, reserved 1081344K
  class space    used 3294K, committed 3392K, reserved 1048576K
}
Event: 5.716 GC heap after
{Heap after GC invocations=11 (full 0):
 garbage-first heap   total 99328K, used 34371K [0x0000000090e00000, 0x0000000100000000)
  region size 1024K, 6 young (6144K), 6 survivors (6144K)
 Metaspace       used 27890K, committed 28160K, reserved 1081344K
  class space    used 3294K, committed 3392K, reserved 1048576K
}
Event: 6.295 GC heap before
{Heap before GC invocations=11 (full 0):
 garbage-first heap   total 99328K, used 78403K [0x0000000090e00000, 0x0000000100000000)
  region size 1024K, 49 young (50176K), 6 survivors (6144K)
 Metaspace       used 30027K, committed 30272K, reserved 1081344K
  class space    used 3569K, committed 3712K, reserved 1048576K
}
Event: 6.306 GC heap after
{Heap after GC invocations=12 (full 0):
 garbage-first heap   total 119808K, used 36674K [0x0000000090e00000, 0x0000000100000000)
  region size 1024K, 5 young (5120K), 5 survivors (5120K)
 Metaspace       used 30027K, committed 30272K, reserved 1081344K
  class space    used 3569K, committed 3712K, reserved 1048576K
}
Event: 7.453 GC heap before
{Heap before GC invocations=12 (full 0):
 garbage-first heap   total 119808K, used 95042K [0x0000000090e00000, 0x0000000100000000)
  region size 1024K, 62 young (63488K), 5 survivors (5120K)
 Metaspace       used 33578K, committed 33984K, reserved 1081344K
  class space    used 4043K, committed 4224K, reserved 1048576K
}
Event: 7.468 GC heap after
{Heap after GC invocations=13 (full 0):
 garbage-first heap   total 119808K, used 40968K [0x0000000090e00000, 0x0000000100000000)
  region size 1024K, 7 young (7168K), 7 survivors (7168K)
 Metaspace       used 33578K, committed 33984K, reserved 1081344K
  class space    used 4043K, committed 4224K, reserved 1048576K
}
Event: 7.923 GC heap before
{Heap before GC invocations=13 (full 0):
 garbage-first heap   total 119808K, used 77832K [0x0000000090e00000, 0x0000000100000000)
  region size 1024K, 44 young (45056K), 7 survivors (7168K)
 Metaspace       used 35787K, committed 36096K, reserved 1081344K
  class space    used 4292K, committed 4416K, reserved 1048576K
}
Event: 7.938 GC heap after
{Heap after GC invocations=14 (full 0):
 garbage-first heap   total 119808K, used 43177K [0x0000000090e00000, 0x0000000100000000)
  region size 1024K, 3 young (3072K), 3 survivors (3072K)
 Metaspace       used 35787K, committed 36096K, reserved 1081344K
  class space    used 4292K, committed 4416K, reserved 1048576K
}
Event: 8.621 GC heap before
{Heap before GC invocations=15 (full 0):
 garbage-first heap   total 119808K, used 95401K [0x0000000090e00000, 0x0000000100000000)
  region size 1024K, 54 young (55296K), 3 survivors (3072K)
 Metaspace       used 39291K, committed 39680K, reserved 1089536K
  class space    used 4829K, committed 4992K, reserved 1048576K
}
Event: 8.632 GC heap after
{Heap after GC invocations=16 (full 0):
 garbage-first heap   total 119808K, used 45584K [0x0000000090e00000, 0x0000000100000000)
  region size 1024K, 5 young (5120K), 5 survivors (5120K)
 Metaspace       used 39291K, committed 39680K, reserved 1089536K
  class space    used 4829K, committed 4992K, reserved 1048576K
}
Event: 9.322 GC heap before
{Heap before GC invocations=16 (full 0):
 garbage-first heap   total 119808K, used 96784K [0x0000000090e00000, 0x0000000100000000)
  region size 1024K, 55 young (56320K), 5 survivors (5120K)
 Metaspace       used 43053K, committed 43456K, reserved 1089536K
  class space    used 5239K, committed 5440K, reserved 1048576K
}
Event: 9.335 GC heap after
{Heap after GC invocations=17 (full 0):
 garbage-first heap   total 119808K, used 48878K [0x0000000090e00000, 0x0000000100000000)
  region size 1024K, 6 young (6144K), 6 survivors (6144K)
 Metaspace       used 43053K, committed 43456K, reserved 1089536K
  class space    used 5239K, committed 5440K, reserved 1048576K
}
Event: 9.979 GC heap before
{Heap before GC invocations=17 (full 0):
 garbage-first heap   total 119808K, used 97006K [0x0000000090e00000, 0x0000000100000000)
  region size 1024K, 53 young (54272K), 6 survivors (6144K)
 Metaspace       used 45606K, committed 46080K, reserved 1097728K
  class space    used 5594K, committed 5824K, reserved 1048576K
}

